<?xml version="1.0" encoding="UTF-8"?>
<!-- Generated by org.testng.reporters.JUnitReportReporter -->
<testsuite skipped="0" hostname="DESKTOP-P16IDI9" name="test.SignUpFormTest" tests="5" failures="0" timestamp="2020-02-17T13:58:49 AEST" time="65.392" errors="0">
  <testcase name="blankEmailSignUp" time="12.757" classname="test.SignUpFormTest"/>
  <testcase name="successfullSignUp" time="14.765" classname="test.SignUpFormTest"/>
  <testcase name="getCountOfCharacters" time="11.991" classname="test.SignUpFormTest"/>
  <testcase name="navigateToLoginScreen" time="12.645" classname="test.SignUpFormTest"/>
  <testcase name="invalidEmailSignup" time="13.234" classname="test.SignUpFormTest"/>
</testsuite> <!-- test.SignUpFormTest -->
