<?xml version="1.0" encoding="UTF-8"?>
<!-- Generated by org.testng.reporters.JUnitReportReporter -->
<testsuite skipped="0" hostname="DESKTOP-P16IDI9" name="test.SignUpFormTest" tests="5" failures="0" timestamp="2020-02-13T01:45:41 AEST" time="74.152" errors="0">
  <testcase name="getCountOfCharacters" time="13.918" classname="test.SignUpFormTest"/>
  <testcase name="blankEmailSignUp" time="13.942" classname="test.SignUpFormTest"/>
  <testcase name="invalidEmailSignup" time="15.380" classname="test.SignUpFormTest"/>
  <testcase name="navigateToLoginScreen" time="13.801" classname="test.SignUpFormTest"/>
  <testcase name="successfullSignUp" time="17.111" classname="test.SignUpFormTest"/>
</testsuite> <!-- test.SignUpFormTest -->
