<?xml version="1.0" encoding="UTF-8"?>
<!-- Generated by org.testng.reporters.JUnitReportReporter -->
<testsuite skipped="0" hostname="DESKTOP-P16IDI9" name="test.SignUpFormTest" tests="5" failures="0" timestamp="2020-02-13T22:17:09 AEST" time="72.993" errors="0">
  <testcase name="blankEmailSignUp" time="13.714" classname="test.SignUpFormTest"/>
  <testcase name="getCountOfCharacters" time="14.741" classname="test.SignUpFormTest"/>
  <testcase name="invalidEmailSignup" time="13.789" classname="test.SignUpFormTest"/>
  <testcase name="successfullSignUp" time="16.722" classname="test.SignUpFormTest"/>
  <testcase name="navigateToLoginScreen" time="14.027" classname="test.SignUpFormTest"/>
</testsuite> <!-- test.SignUpFormTest -->
